-------------------------------------------------------------------------------
Test set: es.uva.inf.ds.vinoteca.domain.model.LineaCompraTest
-------------------------------------------------------------------------------
Tests run: 5, Failures: 1, Errors: 0, Skipped: 0, Time elapsed: 0.144 s <<< FAILURE! - in es.uva.inf.ds.vinoteca.domain.model.LineaCompraTest
testActualizaLineasPedido  Time elapsed: 0.115 s  <<< FAILURE!
org.opentest4j.AssertionFailedError: expected: <3> but was: <4>
	at es.uva.inf.ds.vinoteca.domain.model.LineaCompraTest.testActualizaLineasPedido(LineaCompraTest.java:81)

