-------------------------------------------------------------------------------
Test set: es.uva.inf.ds.vinoteca.domain.model.EmpleadoTest
-------------------------------------------------------------------------------
Tests run: 10, Failures: 0, Errors: 10, Skipped: 0, Time elapsed: 0.087 s <<< FAILURE! - in es.uva.inf.ds.vinoteca.domain.model.EmpleadoTest
setterNIFErroneo  Time elapsed: 0.03 s  <<< ERROR!
java.lang.NullPointerException
	at es.uva.inf.ds.vinoteca.domain.model.EmpleadoTest.setUp(EmpleadoTest.java:40)

consultaEmpleadoErronea  Time elapsed: 0 s  <<< ERROR!
java.lang.NullPointerException
	at es.uva.inf.ds.vinoteca.domain.model.EmpleadoTest.setUp(EmpleadoTest.java:40)

empleadoNoActivo  Time elapsed: 0.001 s  <<< ERROR!
java.lang.NullPointerException
	at es.uva.inf.ds.vinoteca.domain.model.EmpleadoTest.setUp(EmpleadoTest.java:40)

consultaEmpleadoCorrecta  Time elapsed: 0.006 s  <<< ERROR!
java.lang.NullPointerException
	at es.uva.inf.ds.vinoteca.domain.model.EmpleadoTest.setUp(EmpleadoTest.java:40)

setterFecha  Time elapsed: 0.002 s  <<< ERROR!
java.lang.NullPointerException
	at es.uva.inf.ds.vinoteca.domain.model.EmpleadoTest.setUp(EmpleadoTest.java:40)

setterPassword  Time elapsed: 0 s  <<< ERROR!
java.lang.NullPointerException
	at es.uva.inf.ds.vinoteca.domain.model.EmpleadoTest.setUp(EmpleadoTest.java:40)

constructorNIFErroneo  Time elapsed: 0.002 s  <<< ERROR!
java.lang.NullPointerException
	at es.uva.inf.ds.vinoteca.domain.model.EmpleadoTest.setUp(EmpleadoTest.java:40)

setterNIF  Time elapsed: 0.002 s  <<< ERROR!
java.lang.NullPointerException
	at es.uva.inf.ds.vinoteca.domain.model.EmpleadoTest.setUp(EmpleadoTest.java:40)

constructorCorrecto  Time elapsed: 0.003 s  <<< ERROR!
java.lang.NullPointerException
	at es.uva.inf.ds.vinoteca.domain.model.EmpleadoTest.setUp(EmpleadoTest.java:40)

empleadoActivo  Time elapsed: 0.005 s  <<< ERROR!
java.lang.NullPointerException
	at es.uva.inf.ds.vinoteca.domain.model.EmpleadoTest.setUp(EmpleadoTest.java:40)

